{"event": "upload", "episode": "20260620", "status": "started", "timestamp": "2026-02-02T08:33:26.382152", "video_file": "/Users/z/Downloads/Kat_Rec/channels/kat/output/Archived/kat_20260620/kat_20260620_youtube.mp4"}
{"event": "upload", "episode": "20260620", "status": "error", "timestamp": "2026-02-02T08:33:45.421907", "error": "name 'sys' is not defined", "exception_type": "NameError"}
{"event": "upload", "episode": "20260621", "status": "started", "timestamp": "2026-02-02T08:33:51.089677", "video_file": "/Users/z/Downloads/Kat_Rec/channels/kat/output/kat_20260621/kat_20260621_youtube.mp4"}
{"event": "upload", "episode": "20260621", "status": "error", "timestamp": "2026-02-02T08:34:10.610004", "error": "name 'sys' is not defined", "exception_type": "NameError"}
{"event": "upload", "episode": "20260622", "status": "started", "timestamp": "2026-02-02T08:34:16.225530", "video_file": "/Users/z/Downloads/Kat_Rec/channels/kat/output/kat_20260622/kat_20260622_youtube.mp4"}
{"event": "upload", "episode": "20260622", "status": "error", "timestamp": "2026-02-02T08:34:34.070270", "error": "name 'sys' is not defined", "exception_type": "NameError"}
{"event": "upload", "episode": "20260623", "status": "started", "timestamp": "2026-02-02T08:34:39.708312", "video_file": "/Users/z/Downloads/Kat_Rec/channels/kat/output/kat_20260623/kat_20260623_youtube.mp4"}
{"event": "upload", "episode": "20260623", "status": "error", "timestamp": "2026-02-02T08:34:56.397762", "error": "name 'sys' is not defined", "exception_type": "NameError"}
{"event": "upload", "episode": "20260624", "status": "started", "timestamp": "2026-02-02T08:35:01.989980", "video_file": "/Users/z/Downloads/Kat_Rec/channels/kat/output/kat_20260624/kat_20260624_youtube.mp4"}
{"event": "upload", "episode": "20260624", "status": "error", "timestamp": "2026-02-02T08:35:17.030205", "error": "name 'sys' is not defined", "exception_type": "NameError"}
{"event": "upload", "episode": "20260625", "status": "started", "timestamp": "2026-02-02T08:35:22.601403", "video_file": "/Users/z/Downloads/Kat_Rec/channels/kat/output/kat_20260625/kat_20260625_youtube.mp4"}
{"event": "upload", "episode": "20260625", "status": "error", "timestamp": "2026-02-02T08:35:37.764203", "error": "name 'sys' is not defined", "exception_type": "NameError"}
{"event": "upload", "episode": "20260626", "status": "started", "timestamp": "2026-02-02T08:35:43.342863", "video_file": "/Users/z/Downloads/Kat_Rec/channels/kat/output/kat_20260626/kat_20260626_youtube.mp4"}
{"event": "upload", "episode": "20260626", "status": "error", "timestamp": "2026-02-02T08:35:58.249638", "error": "name 'sys' is not defined", "exception_type": "NameError"}
{"event": "upload", "episode": "20260627", "status": "started", "timestamp": "2026-02-02T08:36:03.823080", "video_file": "/Users/z/Downloads/Kat_Rec/channels/kat/output/kat_20260627/kat_20260627_youtube.mp4"}
{"event": "upload", "episode": "20260627", "status": "error", "timestamp": "2026-02-02T08:36:18.408877", "error": "name 'sys' is not defined", "exception_type": "NameError"}
{"event": "upload", "episode": "20260628", "status": "started", "timestamp": "2026-02-02T08:36:23.980569", "video_file": "/Users/z/Downloads/Kat_Rec/channels/kat/output/kat_20260628/kat_20260628_youtube.mp4"}
{"event": "upload", "episode": "20260628", "status": "error", "timestamp": "2026-02-02T08:36:40.907729", "error": "name 'sys' is not defined", "exception_type": "NameError"}
{"event": "upload", "episode": "20260629", "status": "started", "timestamp": "2026-02-02T08:36:46.517285", "video_file": "/Users/z/Downloads/Kat_Rec/channels/kat/output/kat_20260629/kat_20260629_youtube.mp4"}
{"event": "upload", "episode": "20260629", "status": "error", "timestamp": "2026-02-02T08:37:02.499224", "error": "name 'sys' is not defined", "exception_type": "NameError"}
{"event": "upload", "episode": "20260630", "status": "started", "timestamp": "2026-02-02T08:37:08.087825", "video_file": "/Users/z/Downloads/Kat_Rec/channels/kat/output/kat_20260630/kat_20260630_youtube.mp4"}
{"event": "upload", "episode": "20260630", "status": "error", "timestamp": "2026-02-02T08:37:27.799343", "error": "name 'sys' is not defined", "exception_type": "NameError"}
{"event": "upload", "episode": "20260701", "status": "started", "timestamp": "2026-02-02T08:37:33.362525", "video_file": "/Users/z/Downloads/Kat_Rec/channels/kat/output/kat_20260701/kat_20260701_youtube.mp4"}
{"event": "upload", "episode": "20260701", "status": "error", "timestamp": "2026-02-02T08:37:53.801868", "error": "name 'sys' is not defined", "exception_type": "NameError"}
{"event": "upload", "episode": "20260702", "status": "started", "timestamp": "2026-02-02T08:37:59.360864", "video_file": "/Users/z/Downloads/Kat_Rec/channels/kat/output/20260702/20260702_youtube.mp4"}
{"event": "upload", "episode": "20260702", "status": "error", "timestamp": "2026-02-02T08:38:17.048010", "error": "name 'sys' is not defined", "exception_type": "NameError"}
{"event": "upload", "episode": "20260703", "status": "started", "timestamp": "2026-02-02T08:38:22.604689", "video_file": "/Users/z/Downloads/Kat_Rec/channels/kat/output/20260703/20260703_youtube.mp4"}
{"event": "upload", "episode": "20260703", "status": "error", "timestamp": "2026-02-02T08:38:40.982544", "error": "name 'sys' is not defined", "exception_type": "NameError"}
{"event": "upload", "episode": "20260704", "status": "started", "timestamp": "2026-02-02T08:38:46.544397", "video_file": "/Users/z/Downloads/Kat_Rec/channels/kat/output/20260704/20260704_youtube.mp4"}
{"event": "upload", "episode": "20260704", "status": "error", "timestamp": "2026-02-02T08:39:03.792375", "error": "name 'sys' is not defined", "exception_type": "NameError"}
{"event": "upload", "episode": "20260705", "status": "started", "timestamp": "2026-02-02T08:39:09.279827", "video_file": "/Users/z/Downloads/Kat_Rec/channels/kat/output/20260705/20260705_youtube.mp4"}
{"event": "upload", "episode": "20260705", "status": "error", "timestamp": "2026-02-02T08:39:26.634794", "error": "name 'sys' is not defined", "exception_type": "NameError"}
{"event": "upload", "episode": "20260706", "status": "started", "timestamp": "2026-02-02T08:39:32.103156", "video_file": "/Users/z/Downloads/Kat_Rec/channels/kat/output/20260706/20260706_youtube.mp4"}
{"event": "upload", "episode": "20260706", "status": "error", "timestamp": "2026-02-02T08:39:48.098642", "error": "name 'sys' is not defined", "exception_type": "NameError"}
{"event": "upload", "episode": "20260707", "status": "started", "timestamp": "2026-02-02T08:39:53.554873", "video_file": "/Users/z/Downloads/Kat_Rec/channels/kat/output/20260707/20260707_youtube.mp4"}
{"event": "upload", "episode": "20260707", "status": "error", "timestamp": "2026-02-02T08:40:19.944487", "error": "name 'sys' is not defined", "exception_type": "NameError"}
{"event": "upload", "episode": "20260708", "status": "started", "timestamp": "2026-02-02T08:40:25.428347", "video_file": "/Users/z/Downloads/Kat_Rec/channels/kat/output/20260708/20260708_youtube.mp4"}
{"event": "upload", "episode": "20260708", "status": "error", "timestamp": "2026-02-02T08:40:44.860048", "error": "name 'sys' is not defined", "exception_type": "NameError"}
{"event": "upload", "episode": "20260709", "status": "started", "timestamp": "2026-02-02T08:40:50.439152", "video_file": "/Users/z/Downloads/Kat_Rec/channels/kat/output/20260709/20260709_youtube.mp4"}
{"event": "upload", "episode": "20260709", "status": "error", "timestamp": "2026-02-02T08:41:08.393664", "error": "name 'sys' is not defined", "exception_type": "NameError"}
{"event": "upload", "episode": "20260710", "status": "started", "timestamp": "2026-02-02T08:41:13.934829", "video_file": "/Users/z/Downloads/Kat_Rec/channels/kat/output/20260710/20260710_youtube.mp4"}
{"event": "upload", "episode": "20260710", "status": "error", "timestamp": "2026-02-02T08:41:34.909660", "error": "name 'sys' is not defined", "exception_type": "NameError"}
{"event": "upload", "episode": "20260711", "status": "started", "timestamp": "2026-02-02T08:41:40.544913", "video_file": "/Users/z/Downloads/Kat_Rec/channels/kat/output/20260711/20260711_youtube.mp4"}
{"event": "upload", "episode": "20260711", "status": "error", "timestamp": "2026-02-02T08:41:59.042810", "error": "name 'sys' is not defined", "exception_type": "NameError"}
{"event": "upload", "episode": "20260712", "status": "started", "timestamp": "2026-02-02T08:42:04.595728", "video_file": "/Users/z/Downloads/Kat_Rec/channels/kat/output/20260712/20260712_youtube.mp4"}
{"event": "upload", "episode": "20260712", "status": "error", "timestamp": "2026-02-02T08:42:23.294282", "error": "name 'sys' is not defined", "exception_type": "NameError"}
{"event": "upload", "episode": "20260713", "status": "started", "timestamp": "2026-02-02T08:42:28.861492", "video_file": "/Users/z/Downloads/Kat_Rec/channels/kat/output/20260713/20260713_youtube.mp4"}
{"event": "upload", "episode": "20260713", "status": "error", "timestamp": "2026-02-02T08:42:49.144980", "error": "name 'sys' is not defined", "exception_type": "NameError"}
{"event": "upload", "episode": "20260714", "status": "started", "timestamp": "2026-02-02T08:42:54.704400", "video_file": "/Users/z/Downloads/Kat_Rec/channels/kat/output/20260714/20260714_youtube.mp4"}
{"event": "upload", "episode": "20260714", "status": "error", "timestamp": "2026-02-02T08:43:11.227221", "error": "name 'sys' is not defined", "exception_type": "NameError"}
{"event": "upload", "episode": "20260715", "status": "started", "timestamp": "2026-02-02T08:43:16.782541", "video_file": "/Users/z/Downloads/Kat_Rec/channels/kat/output/20260715/20260715_youtube.mp4"}
{"event": "upload", "episode": "20260715", "status": "error", "timestamp": "2026-02-02T08:43:47.219205", "error": "name 'sys' is not defined", "exception_type": "NameError"}
{"event": "upload", "episode": "20260716", "status": "started", "timestamp": "2026-02-02T08:43:52.806619", "video_file": "/Users/z/Downloads/Kat_Rec/channels/kat/output/20260716/20260716_youtube.mp4"}
{"event": "upload", "episode": "20260716", "status": "error", "timestamp": "2026-02-02T08:44:14.383807", "error": "name 'sys' is not defined", "exception_type": "NameError"}
{"event": "upload", "episode": "20260717", "status": "started", "timestamp": "2026-02-02T08:44:19.903955", "video_file": "/Users/z/Downloads/Kat_Rec/channels/kat/output/20260717/20260717_youtube.mp4"}
{"event": "upload", "episode": "20260717", "status": "error", "timestamp": "2026-02-02T08:44:37.041528", "error": "name 'sys' is not defined", "exception_type": "NameError"}
{"event": "upload", "episode": "20260718", "status": "started", "timestamp": "2026-02-02T08:44:42.650807", "video_file": "/Users/z/Downloads/Kat_Rec/channels/kat/output/20260718/20260718_youtube.mp4"}
{"event": "upload", "episode": "20260718", "status": "error", "timestamp": "2026-02-02T08:45:04.315532", "error": "name 'sys' is not defined", "exception_type": "NameError"}
{"event": "upload", "episode": "20260719", "status": "started", "timestamp": "2026-02-02T08:45:09.872499", "video_file": "/Users/z/Downloads/Kat_Rec/channels/kat/output/20260719/20260719_youtube.mp4"}
{"event": "upload", "episode": "20260719", "status": "error", "timestamp": "2026-02-02T08:45:29.285017", "error": "name 'sys' is not defined", "exception_type": "NameError"}
{"event": "upload", "episode": "20260720", "status": "started", "timestamp": "2026-02-02T08:45:34.835607", "video_file": "/Users/z/Downloads/Kat_Rec/channels/kat/output/20260720/20260720_youtube.mp4"}
{"event": "upload", "episode": "20260720", "status": "error", "timestamp": "2026-02-02T08:45:53.886054", "error": "name 'sys' is not defined", "exception_type": "NameError"}
{"event": "upload", "episode": "20260620", "status": "started", "timestamp": "2026-02-02T08:46:30.805249", "video_file": "/Users/z/Downloads/Kat_Rec/channels/kat/output/Archived/kat_20260620/kat_20260620_youtube.mp4"}
{"event": "upload", "episode": "20260620", "status": "completed", "timestamp": "2026-02-02T08:46:53.883398", "video_id": "qKrKrTQBRxc", "video_url": "https://www.youtube.com/watch?v=qKrKrTQBRxc", "latency": 20.883132934570312}
{"event": "upload", "episode": "20260621", "status": "started", "timestamp": "2026-02-02T08:46:59.508535", "video_file": "/Users/z/Downloads/Kat_Rec/channels/kat/output/kat_20260621/kat_20260621_youtube.mp4"}
{"event": "upload", "episode": "20260621", "status": "completed", "timestamp": "2026-02-02T08:47:19.488731", "video_id": "r2ZegZBtOQU", "video_url": "https://www.youtube.com/watch?v=r2ZegZBtOQU", "latency": 18.082444667816162}
{"event": "upload", "episode": "20260622", "status": "started", "timestamp": "2026-02-02T08:47:25.045962", "video_file": "/Users/z/Downloads/Kat_Rec/channels/kat/output/kat_20260622/kat_20260622_youtube.mp4"}
{"event": "upload", "episode": "20260622", "status": "completed", "timestamp": "2026-02-02T08:47:49.191236", "video_id": "qQ4RNG8F2_M", "video_url": "https://www.youtube.com/watch?v=qQ4RNG8F2_M", "latency": 22.357620000839233}
{"event": "upload", "episode": "20260623", "status": "started", "timestamp": "2026-02-02T08:47:54.816892", "video_file": "/Users/z/Downloads/Kat_Rec/channels/kat/output/kat_20260623/kat_20260623_youtube.mp4"}
{"event": "upload", "episode": "20260623", "status": "completed", "timestamp": "2026-02-02T08:48:13.118757", "video_id": "goghmvwVi-0", "video_url": "https://www.youtube.com/watch?v=goghmvwVi-0", "latency": 16.48178720474243}
{"event": "upload", "episode": "20260624", "status": "started", "timestamp": "2026-02-02T08:48:18.675889", "video_file": "/Users/z/Downloads/Kat_Rec/channels/kat/output/kat_20260624/kat_20260624_youtube.mp4"}
{"event": "upload", "episode": "20260624", "status": "completed", "timestamp": "2026-02-02T08:48:45.629307", "video_id": "I6tVSX8mtCA", "video_url": "https://www.youtube.com/watch?v=I6tVSX8mtCA", "latency": 25.13605308532715}
{"event": "upload", "episode": "20260625", "status": "started", "timestamp": "2026-02-02T08:48:51.361355", "video_file": "/Users/z/Downloads/Kat_Rec/channels/kat/output/kat_20260625/kat_20260625_youtube.mp4"}
{"event": "upload", "episode": "20260625", "status": "completed", "timestamp": "2026-02-02T08:49:10.865070", "video_id": "WdBYubRSVXE", "video_url": "https://www.youtube.com/watch?v=WdBYubRSVXE", "latency": 17.62232804298401}
{"event": "upload", "episode": "20260626", "status": "started", "timestamp": "2026-02-02T08:49:16.352120", "video_file": "/Users/z/Downloads/Kat_Rec/channels/kat/output/kat_20260626/kat_20260626_youtube.mp4"}
{"event": "upload", "episode": "20260626", "status": "completed", "timestamp": "2026-02-02T08:49:33.968330", "video_id": "qs2f0R0Su8o", "video_url": "https://www.youtube.com/watch?v=qs2f0R0Su8o", "latency": 15.832572221755981}
{"event": "upload", "episode": "20260627", "status": "started", "timestamp": "2026-02-02T08:49:39.484012", "video_file": "/Users/z/Downloads/Kat_Rec/channels/kat/output/kat_20260627/kat_20260627_youtube.mp4"}
{"event": "upload", "episode": "20260627", "status": "completed", "timestamp": "2026-02-02T08:49:58.926407", "video_id": "DgOsDrzkN1o", "video_url": "https://www.youtube.com/watch?v=DgOsDrzkN1o", "latency": 17.60595202445984}
{"event": "upload", "episode": "20260628", "status": "started", "timestamp": "2026-02-02T08:50:04.443454", "video_file": "/Users/z/Downloads/Kat_Rec/channels/kat/output/kat_20260628/kat_20260628_youtube.mp4"}
{"event": "upload", "episode": "20260628", "status": "completed", "timestamp": "2026-02-02T08:50:22.402672", "video_id": "pHHHsFNpnNA", "video_url": "https://www.youtube.com/watch?v=pHHHsFNpnNA", "latency": 16.02399706840515}
{"event": "upload", "episode": "20260629", "status": "started", "timestamp": "2026-02-02T08:50:27.893412", "video_file": "/Users/z/Downloads/Kat_Rec/channels/kat/output/kat_20260629/kat_20260629_youtube.mp4"}
{"event": "upload", "episode": "20260629", "status": "completed", "timestamp": "2026-02-02T08:50:42.945682", "video_id": "diKrobs-KLc", "video_url": "https://www.youtube.com/watch?v=diKrobs-KLc", "latency": 13.266330003738403}
{"event": "upload", "episode": "20260630", "status": "started", "timestamp": "2026-02-02T08:50:48.477376", "video_file": "/Users/z/Downloads/Kat_Rec/channels/kat/output/kat_20260630/kat_20260630_youtube.mp4"}
{"event": "upload", "episode": "20260630", "status": "completed", "timestamp": "2026-02-02T08:51:06.155186", "video_id": "TZD9mkhQ_kQ", "video_url": "https://www.youtube.com/watch?v=TZD9mkhQ_kQ", "latency": 15.834703207015991}
{"event": "upload", "episode": "20260701", "status": "started", "timestamp": "2026-02-02T08:51:11.759129", "video_file": "/Users/z/Downloads/Kat_Rec/channels/kat/output/kat_20260701/kat_20260701_youtube.mp4"}
{"event": "upload", "episode": "20260701", "status": "completed", "timestamp": "2026-02-02T08:51:28.012867", "video_id": "-ACRQF9xzgo", "video_url": "https://www.youtube.com/watch?v=-ACRQF9xzgo", "latency": 14.390113115310669}
{"event": "upload", "episode": "20260702", "status": "started", "timestamp": "2026-02-02T08:51:33.632118", "video_file": "/Users/z/Downloads/Kat_Rec/channels/kat/output/20260702/20260702_youtube.mp4"}
{"event": "upload", "episode": "20260702", "status": "completed", "timestamp": "2026-02-02T08:51:51.231758", "video_id": "FiGS0MZphiI", "video_url": "https://www.youtube.com/watch?v=FiGS0MZphiI", "latency": 15.758885145187378}
{"event": "upload", "episode": "20260703", "status": "started", "timestamp": "2026-02-02T08:51:56.781255", "video_file": "/Users/z/Downloads/Kat_Rec/channels/kat/output/20260703/20260703_youtube.mp4"}
{"event": "upload", "episode": "20260703", "status": "completed", "timestamp": "2026-02-02T08:52:12.648721", "video_id": "xv5w1Aac26o", "video_url": "https://www.youtube.com/watch?v=xv5w1Aac26o", "latency": 14.100972175598145}
{"event": "upload", "episode": "20260704", "status": "started", "timestamp": "2026-02-02T08:52:18.202099", "video_file": "/Users/z/Downloads/Kat_Rec/channels/kat/output/20260704/20260704_youtube.mp4"}
{"event": "upload", "episode": "20260704", "status": "completed", "timestamp": "2026-02-02T08:52:35.764738", "video_id": "3Zd0KFUUYSs", "video_url": "https://www.youtube.com/watch?v=3Zd0KFUUYSs", "latency": 15.778017044067383}
{"event": "upload", "episode": "20260705", "status": "started", "timestamp": "2026-02-02T08:52:41.332407", "video_file": "/Users/z/Downloads/Kat_Rec/channels/kat/output/20260705/20260705_youtube.mp4"}
{"event": "upload", "episode": "20260705", "status": "completed", "timestamp": "2026-02-02T08:52:56.581282", "video_id": "VEqrEjeYWQ8", "video_url": "https://www.youtube.com/watch?v=VEqrEjeYWQ8", "latency": 13.44199800491333}
{"event": "upload", "episode": "20260706", "status": "started", "timestamp": "2026-02-02T08:53:02.137394", "video_file": "/Users/z/Downloads/Kat_Rec/channels/kat/output/20260706/20260706_youtube.mp4"}
{"event": "upload", "episode": "20260706", "status": "completed", "timestamp": "2026-02-02T08:53:18.108460", "video_id": "ePDir0s87F8", "video_url": "https://www.youtube.com/watch?v=ePDir0s87F8", "latency": 14.16635799407959}
{"event": "upload", "episode": "20260707", "status": "started", "timestamp": "2026-02-02T08:53:23.640696", "video_file": "/Users/z/Downloads/Kat_Rec/channels/kat/output/20260707/20260707_youtube.mp4"}
{"event": "upload", "episode": "20260707", "status": "completed", "timestamp": "2026-02-02T08:53:44.631901", "video_id": "OPuERIntwaU", "video_url": "https://www.youtube.com/watch?v=OPuERIntwaU", "latency": 19.171210050582886}
{"event": "upload", "episode": "20260708", "status": "started", "timestamp": "2026-02-02T08:53:50.198250", "video_file": "/Users/z/Downloads/Kat_Rec/channels/kat/output/20260708/20260708_youtube.mp4"}
{"event": "upload", "episode": "20260708", "status": "completed", "timestamp": "2026-02-02T08:54:06.034727", "video_id": "36d8JyUQoPI", "video_url": "https://www.youtube.com/watch?v=36d8JyUQoPI", "latency": 14.057553052902222}
{"event": "upload", "episode": "20260709", "status": "started", "timestamp": "2026-02-02T08:54:11.593686", "video_file": "/Users/z/Downloads/Kat_Rec/channels/kat/output/20260709/20260709_youtube.mp4"}
{"event": "upload", "episode": "20260709", "status": "completed", "timestamp": "2026-02-02T08:54:26.897636", "video_id": "HkLksGJJZPM", "video_url": "https://www.youtube.com/watch?v=HkLksGJJZPM", "latency": 13.649055004119873}
{"event": "upload", "episode": "20260710", "status": "started", "timestamp": "2026-02-02T08:54:32.501408", "video_file": "/Users/z/Downloads/Kat_Rec/channels/kat/output/20260710/20260710_youtube.mp4"}
{"event": "upload", "episode": "20260710", "status": "completed", "timestamp": "2026-02-02T08:54:48.947522", "video_id": "0BSvASSG4Es", "video_url": "https://www.youtube.com/watch?v=0BSvASSG4Es", "latency": 14.606395244598389}
{"event": "upload", "episode": "20260711", "status": "started", "timestamp": "2026-02-02T08:54:54.427858", "video_file": "/Users/z/Downloads/Kat_Rec/channels/kat/output/20260711/20260711_youtube.mp4"}
{"event": "upload", "episode": "20260711", "status": "completed", "timestamp": "2026-02-02T08:55:10.625626", "video_id": "0tJrhbgg3kY", "video_url": "https://www.youtube.com/watch?v=0tJrhbgg3kY", "latency": 14.424546957015991}
{"event": "upload", "episode": "20260712", "status": "started", "timestamp": "2026-02-02T08:55:16.092078", "video_file": "/Users/z/Downloads/Kat_Rec/channels/kat/output/20260712/20260712_youtube.mp4"}
{"event": "upload", "episode": "20260712", "status": "completed", "timestamp": "2026-02-02T08:55:32.594447", "video_id": "G8XJcM7tm0U", "video_url": "https://www.youtube.com/watch?v=G8XJcM7tm0U", "latency": 14.656306982040405}
{"event": "upload", "episode": "20260713", "status": "started", "timestamp": "2026-02-02T08:55:38.082642", "video_file": "/Users/z/Downloads/Kat_Rec/channels/kat/output/20260713/20260713_youtube.mp4"}
{"event": "upload", "episode": "20260713", "status": "completed", "timestamp": "2026-02-02T08:55:53.540947", "video_id": "cCh7ejXrQJ8", "video_url": "https://www.youtube.com/watch?v=cCh7ejXrQJ8", "latency": 13.691653966903687}
{"event": "upload", "episode": "20260714", "status": "started", "timestamp": "2026-02-02T08:55:59.039904", "video_file": "/Users/z/Downloads/Kat_Rec/channels/kat/output/20260714/20260714_youtube.mp4"}
{"event": "upload", "episode": "20260714", "status": "completed", "timestamp": "2026-02-02T08:56:15.628852", "video_id": "u1lVKvGHAEs", "video_url": "https://www.youtube.com/watch?v=u1lVKvGHAEs", "latency": 14.84748911857605}
{"event": "upload", "episode": "20260715", "status": "started", "timestamp": "2026-02-02T08:56:21.111479", "video_file": "/Users/z/Downloads/Kat_Rec/channels/kat/output/20260715/20260715_youtube.mp4"}
{"event": "upload", "episode": "20260715", "status": "completed", "timestamp": "2026-02-02T08:56:37.979497", "video_id": "s4WRuyLzk1I", "video_url": "https://www.youtube.com/watch?v=s4WRuyLzk1I", "latency": 15.078824043273926}
{"event": "upload", "episode": "20260716", "status": "started", "timestamp": "2026-02-02T08:56:43.625789", "video_file": "/Users/z/Downloads/Kat_Rec/channels/kat/output/20260716/20260716_youtube.mp4"}
{"event": "upload", "episode": "20260716", "status": "completed", "timestamp": "2026-02-02T08:57:00.209166", "video_id": "4Gltbc0eqfs", "video_url": "https://www.youtube.com/watch?v=4Gltbc0eqfs", "latency": 14.905689001083374}
{"event": "upload", "episode": "20260717", "status": "started", "timestamp": "2026-02-02T08:57:05.745511", "video_file": "/Users/z/Downloads/Kat_Rec/channels/kat/output/20260717/20260717_youtube.mp4"}
{"event": "upload", "episode": "20260717", "status": "completed", "timestamp": "2026-02-02T08:57:21.535314", "video_id": "dGT2R0ehyBk", "video_url": "https://www.youtube.com/watch?v=dGT2R0ehyBk", "latency": 14.041735887527466}
{"event": "upload", "episode": "20260718", "status": "started", "timestamp": "2026-02-02T08:57:27.097291", "video_file": "/Users/z/Downloads/Kat_Rec/channels/kat/output/20260718/20260718_youtube.mp4"}
{"event": "upload", "episode": "20260718", "status": "completed", "timestamp": "2026-02-02T08:57:43.480594", "video_id": "9EmauQaFXXs", "video_url": "https://www.youtube.com/watch?v=9EmauQaFXXs", "latency": 14.528549194335938}
{"event": "upload", "episode": "20260719", "status": "started", "timestamp": "2026-02-02T08:57:49.014064", "video_file": "/Users/z/Downloads/Kat_Rec/channels/kat/output/20260719/20260719_youtube.mp4"}
{"event": "upload", "episode": "20260719", "status": "completed", "timestamp": "2026-02-02T08:58:05.556445", "video_id": "6odC81XBuZE", "video_url": "https://www.youtube.com/watch?v=6odC81XBuZE", "latency": 14.656188011169434}
{"event": "upload", "episode": "20260720", "status": "started", "timestamp": "2026-02-02T08:58:11.120386", "video_file": "/Users/z/Downloads/Kat_Rec/channels/kat/output/20260720/20260720_youtube.mp4"}
{"event": "upload", "episode": "20260720", "status": "completed", "timestamp": "2026-02-02T08:58:27.441022", "video_id": "zS9S2Kcl-0w", "video_url": "https://www.youtube.com/watch?v=zS9S2Kcl-0w", "latency": 14.449542999267578}
{"event": "upload", "episode": "20260621", "status": "started", "timestamp": "2026-02-02T20:24:04.922908", "video_file": "/Users/z/Downloads/Kat_Rec/channels/kat/output/Archived/kat_20260621/kat_20260621_youtube.mp4"}
{"event": "upload", "episode": "20260621", "status": "error", "timestamp": "2026-02-02T20:24:05.743040", "error": "('invalid_grant: Token has been expired or revoked.', {'error': 'invalid_grant', 'error_description': 'Token has been expired or revoked.'})", "exception_type": "RefreshError"}
{"event": "upload", "episode": "20260622", "status": "started", "timestamp": "2026-02-02T20:24:11.256302", "video_file": "/Users/z/Downloads/Kat_Rec/channels/kat/output/Archived/kat_20260622/kat_20260622_youtube.mp4"}
{"event": "upload", "episode": "20260622", "status": "error", "timestamp": "2026-02-02T20:24:11.862301", "error": "('invalid_grant: Token has been expired or revoked.', {'error': 'invalid_grant', 'error_description': 'Token has been expired or revoked.'})", "exception_type": "RefreshError"}
{"event": "upload", "episode": "20260623", "status": "started", "timestamp": "2026-02-02T20:24:17.375902", "video_file": "/Users/z/Downloads/Kat_Rec/channels/kat/output/Archived/kat_20260623/kat_20260623_youtube.mp4"}
{"event": "upload", "episode": "20260623", "status": "error", "timestamp": "2026-02-02T20:24:17.630690", "error": "('invalid_grant: Token has been expired or revoked.', {'error': 'invalid_grant', 'error_description': 'Token has been expired or revoked.'})", "exception_type": "RefreshError"}
{"event": "upload", "episode": "20260624", "status": "started", "timestamp": "2026-02-02T20:24:23.115588", "video_file": "/Users/z/Downloads/Kat_Rec/channels/kat/output/Archived/kat_20260624/kat_20260624_youtube.mp4"}
{"event": "upload", "episode": "20260624", "status": "error", "timestamp": "2026-02-02T20:24:23.412591", "error": "('invalid_grant: Token has been expired or revoked.', {'error': 'invalid_grant', 'error_description': 'Token has been expired or revoked.'})", "exception_type": "RefreshError"}
{"event": "upload", "episode": "20260625", "status": "started", "timestamp": "2026-02-02T20:24:28.886245", "video_file": "/Users/z/Downloads/Kat_Rec/channels/kat/output/Archived/kat_20260625/kat_20260625_youtube.mp4"}
{"event": "upload", "episode": "20260625", "status": "error", "timestamp": "2026-02-02T20:24:29.090158", "error": "('invalid_grant: Token has been expired or revoked.', {'error': 'invalid_grant', 'error_description': 'Token has been expired or revoked.'})", "exception_type": "RefreshError"}
{"event": "upload", "episode": "20260626", "status": "started", "timestamp": "2026-02-02T20:24:34.595839", "video_file": "/Users/z/Downloads/Kat_Rec/channels/kat/output/Archived/kat_20260626/kat_20260626_youtube.mp4"}
{"event": "upload", "episode": "20260626", "status": "error", "timestamp": "2026-02-02T20:24:34.917545", "error": "('invalid_grant: Token has been expired or revoked.', {'error': 'invalid_grant', 'error_description': 'Token has been expired or revoked.'})", "exception_type": "RefreshError"}
{"event": "upload", "episode": "20260627", "status": "started", "timestamp": "2026-02-02T20:24:40.440065", "video_file": "/Users/z/Downloads/Kat_Rec/channels/kat/output/Archived/kat_20260627/kat_20260627_youtube.mp4"}
{"event": "upload", "episode": "20260627", "status": "error", "timestamp": "2026-02-02T20:24:41.513477", "error": "('invalid_grant: Token has been expired or revoked.', {'error': 'invalid_grant', 'error_description': 'Token has been expired or revoked.'})", "exception_type": "RefreshError"}
{"event": "upload", "episode": "20260628", "status": "started", "timestamp": "2026-02-02T20:24:47.059105", "video_file": "/Users/z/Downloads/Kat_Rec/channels/kat/output/Archived/kat_20260628/kat_20260628_youtube.mp4"}
{"event": "upload", "episode": "20260628", "status": "error", "timestamp": "2026-02-02T20:24:47.382403", "error": "('invalid_grant: Token has been expired or revoked.', {'error': 'invalid_grant', 'error_description': 'Token has been expired or revoked.'})", "exception_type": "RefreshError"}
{"event": "upload", "episode": "20260629", "status": "started", "timestamp": "2026-02-02T20:24:52.876985", "video_file": "/Users/z/Downloads/Kat_Rec/channels/kat/output/Archived/kat_20260629/kat_20260629_youtube.mp4"}
{"event": "upload", "episode": "20260629", "status": "error", "timestamp": "2026-02-02T20:24:53.106244", "error": "('invalid_grant: Token has been expired or revoked.', {'error': 'invalid_grant', 'error_description': 'Token has been expired or revoked.'})", "exception_type": "RefreshError"}
{"event": "upload", "episode": "20260630", "status": "started", "timestamp": "2026-02-02T20:24:58.600429", "video_file": "/Users/z/Downloads/Kat_Rec/channels/kat/output/Archived/kat_20260630/kat_20260630_youtube.mp4"}
{"event": "upload", "episode": "20260630", "status": "error", "timestamp": "2026-02-02T20:25:00.478751", "error": "('invalid_grant: Token has been expired or revoked.', {'error': 'invalid_grant', 'error_description': 'Token has been expired or revoked.'})", "exception_type": "RefreshError"}
{"event": "upload", "episode": "20260621", "status": "started", "timestamp": "2026-02-02T20:30:24.829936", "video_file": "/Users/z/Downloads/Kat_Rec/channels/kat/output/Archived/kat_20260621/kat_20260621_youtube.mp4"}
{"event": "upload", "episode": "20260621", "status": "completed", "timestamp": "2026-02-02T20:30:51.267796", "video_id": "T5Y18q2i_Tc", "video_url": "https://www.youtube.com/watch?v=T5Y18q2i_Tc", "latency": 24.292367219924927}
{"event": "upload", "episode": "20260622", "status": "started", "timestamp": "2026-02-02T20:30:56.865961", "video_file": "/Users/z/Downloads/Kat_Rec/channels/kat/output/Archived/kat_20260622/kat_20260622_youtube.mp4"}
{"event": "upload", "episode": "20260622", "status": "completed", "timestamp": "2026-02-02T20:31:22.428837", "video_id": "uYJsCRWw3Vg", "video_url": "https://www.youtube.com/watch?v=uYJsCRWw3Vg", "latency": 23.57379984855652}
{"event": "upload", "episode": "20260623", "status": "started", "timestamp": "2026-02-02T20:31:28.135386", "video_file": "/Users/z/Downloads/Kat_Rec/channels/kat/output/Archived/kat_20260623/kat_20260623_youtube.mp4"}
{"event": "upload", "episode": "20260623", "status": "completed", "timestamp": "2026-02-02T20:32:03.648892", "video_id": "7C978ERQypk", "video_url": "https://www.youtube.com/watch?v=7C978ERQypk", "latency": 33.677836179733276}
{"event": "upload", "episode": "20260624", "status": "started", "timestamp": "2026-02-02T20:32:09.440109", "video_file": "/Users/z/Downloads/Kat_Rec/channels/kat/output/Archived/kat_20260624/kat_20260624_youtube.mp4"}
{"event": "upload", "episode": "20260621", "status": "started", "timestamp": "2026-02-02T20:32:34.636456", "video_file": "/Users/z/Downloads/Kat_Rec/channels/kat/output/Archived/kat_20260621/kat_20260621_youtube.mp4"}
{"event": "upload", "episode": "20260621", "status": "completed", "timestamp": "2026-02-02T20:32:56.044628", "video_id": "5VNmiQqXGnI", "video_url": "https://www.youtube.com/watch?v=5VNmiQqXGnI", "latency": 19.21260380744934}
{"event": "upload", "episode": "20260622", "status": "started", "timestamp": "2026-02-02T20:33:01.622220", "video_file": "/Users/z/Downloads/Kat_Rec/channels/kat/output/Archived/kat_20260622/kat_20260622_youtube.mp4"}
{"event": "upload", "episode": "20260622", "status": "completed", "timestamp": "2026-02-02T20:33:21.691148", "video_id": "t2ccB2MCMmg", "video_url": "https://www.youtube.com/watch?v=t2ccB2MCMmg", "latency": 18.100258827209473}
{"event": "upload", "episode": "20260623", "status": "started", "timestamp": "2026-02-02T20:33:27.356721", "video_file": "/Users/z/Downloads/Kat_Rec/channels/kat/output/Archived/kat_20260623/kat_20260623_youtube.mp4"}
{"event": "upload", "episode": "20260623", "status": "completed", "timestamp": "2026-02-02T20:33:47.908887", "video_id": "LIaZQa_8oLw", "video_url": "https://www.youtube.com/watch?v=LIaZQa_8oLw", "latency": 18.799344062805176}
{"event": "upload", "episode": "20260624", "status": "started", "timestamp": "2026-02-02T20:33:53.500075", "video_file": "/Users/z/Downloads/Kat_Rec/channels/kat/output/Archived/kat_20260624/kat_20260624_youtube.mp4"}
{"event": "upload", "episode": "20260624", "status": "completed", "timestamp": "2026-02-02T20:34:14.764575", "video_id": "2iuG6kmAUz0", "video_url": "https://www.youtube.com/watch?v=2iuG6kmAUz0", "latency": 19.455496311187744}
{"event": "upload", "episode": "20260625", "status": "started", "timestamp": "2026-02-02T20:34:20.365641", "video_file": "/Users/z/Downloads/Kat_Rec/channels/kat/output/Archived/kat_20260625/kat_20260625_youtube.mp4"}
{"event": "upload", "episode": "20260625", "status": "completed", "timestamp": "2026-02-02T20:34:41.392039", "video_id": "1jd00nkZCvg", "video_url": "https://www.youtube.com/watch?v=1jd00nkZCvg", "latency": 19.034641981124878}
{"event": "upload", "episode": "20260626", "status": "started", "timestamp": "2026-02-02T20:34:46.962987", "video_file": "/Users/z/Downloads/Kat_Rec/channels/kat/output/Archived/kat_20260626/kat_20260626_youtube.mp4"}
{"event": "upload", "episode": "20260626", "status": "completed", "timestamp": "2026-02-02T20:35:07.196951", "video_id": "OdgDa6-gU20", "video_url": "https://www.youtube.com/watch?v=OdgDa6-gU20", "latency": 18.399003267288208}
{"event": "upload", "episode": "20260627", "status": "started", "timestamp": "2026-02-02T20:35:12.813156", "video_file": "/Users/z/Downloads/Kat_Rec/channels/kat/output/Archived/kat_20260627/kat_20260627_youtube.mp4"}
{"event": "upload", "episode": "20260627", "status": "completed", "timestamp": "2026-02-02T20:35:33.419285", "video_id": "z9tVIbafDnc", "video_url": "https://www.youtube.com/watch?v=z9tVIbafDnc", "latency": 18.692582845687866}
{"event": "upload", "episode": "20260628", "status": "started", "timestamp": "2026-02-02T20:35:39.032708", "video_file": "/Users/z/Downloads/Kat_Rec/channels/kat/output/Archived/kat_20260628/kat_20260628_youtube.mp4"}
{"event": "upload", "episode": "20260628", "status": "completed", "timestamp": "2026-02-02T20:36:02.308014", "video_id": "8FXuHlg0Kto", "video_url": "https://www.youtube.com/watch?v=8FXuHlg0Kto", "latency": 21.414185047149658}
{"event": "upload", "episode": "20260629", "status": "started", "timestamp": "2026-02-02T20:36:07.927733", "video_file": "/Users/z/Downloads/Kat_Rec/channels/kat/output/Archived/kat_20260629/kat_20260629_youtube.mp4"}
{"event": "upload", "episode": "20260629", "status": "completed", "timestamp": "2026-02-02T20:36:30.085441", "video_id": "YM_nhPaqUGw", "video_url": "https://www.youtube.com/watch?v=YM_nhPaqUGw", "latency": 19.885093927383423}
{"event": "upload", "episode": "20260630", "status": "started", "timestamp": "2026-02-02T20:36:35.729171", "video_file": "/Users/z/Downloads/Kat_Rec/channels/kat/output/Archived/kat_20260630/kat_20260630_youtube.mp4"}
{"event": "upload", "episode": "20260630", "status": "completed", "timestamp": "2026-02-02T20:36:57.895607", "video_id": "GDvI5-iOqHY", "video_url": "https://www.youtube.com/watch?v=GDvI5-iOqHY", "latency": 20.39020085334778}
{"event": "upload", "episode": "20260701", "status": "started", "timestamp": "2026-02-02T20:37:03.483628", "video_file": "/Users/z/Downloads/Kat_Rec/channels/kat/output/Archived/kat_20260701/kat_20260701_youtube.mp4"}
{"event": "upload", "episode": "20260701", "status": "completed", "timestamp": "2026-02-02T20:37:24.182552", "video_id": "CpHIOnevYv0", "video_url": "https://www.youtube.com/watch?v=CpHIOnevYv0", "latency": 18.83056116104126}
{"event": "upload", "episode": "20260721", "status": "started", "timestamp": "2026-02-02T20:51:41.512283", "video_file": "/Users/z/Downloads/Kat_Rec/channels/kat/output/20260721/20260721_youtube.mp4"}
{"event": "upload", "episode": "20260721", "status": "completed", "timestamp": "2026-02-02T20:52:08.828752", "video_id": "kiCWE0p46-g", "video_url": "https://www.youtube.com/watch?v=kiCWE0p46-g", "latency": 25.04903292655945}
{"event": "upload", "episode": "20260722", "status": "started", "timestamp": "2026-02-02T20:52:14.383599", "video_file": "/Users/z/Downloads/Kat_Rec/channels/kat/output/20260722/20260722_youtube.mp4"}
{"event": "upload", "episode": "20260722", "status": "completed", "timestamp": "2026-02-02T20:52:40.955336", "video_id": "Eux0ihM4yUg", "video_url": "https://www.youtube.com/watch?v=Eux0ihM4yUg", "latency": 24.590527057647705}
{"event": "upload", "episode": "20260723", "status": "started", "timestamp": "2026-02-02T20:52:46.593921", "video_file": "/Users/z/Downloads/Kat_Rec/channels/kat/output/20260723/20260723_youtube.mp4"}
{"event": "upload", "episode": "20260723", "status": "completed", "timestamp": "2026-02-02T20:53:09.603061", "video_id": "o_vg23Pt23Y", "video_url": "https://www.youtube.com/watch?v=o_vg23Pt23Y", "latency": 21.20102095603943}
{"event": "upload", "episode": "20260724", "status": "started", "timestamp": "2026-02-02T20:53:15.144316", "video_file": "/Users/z/Downloads/Kat_Rec/channels/kat/output/20260724/20260724_youtube.mp4"}
{"event": "upload", "episode": "20260724", "status": "completed", "timestamp": "2026-02-02T20:53:39.033519", "video_id": "xqgsu-s6Rec", "video_url": "https://www.youtube.com/watch?v=xqgsu-s6Rec", "latency": 22.065827131271362}
{"event": "upload", "episode": "20260725", "status": "started", "timestamp": "2026-02-02T20:53:44.603463", "video_file": "/Users/z/Downloads/Kat_Rec/channels/kat/output/20260725/20260725_youtube.mp4"}
{"event": "upload", "episode": "20260725", "status": "completed", "timestamp": "2026-02-02T20:54:09.128630", "video_id": "UjiU7OF6ZjM", "video_url": "https://www.youtube.com/watch?v=UjiU7OF6ZjM", "latency": 22.704984188079834}
{"event": "upload", "episode": "20260726", "status": "started", "timestamp": "2026-02-02T20:54:14.701106", "video_file": "/Users/z/Downloads/Kat_Rec/channels/kat/output/20260726/20260726_youtube.mp4"}
{"event": "upload", "episode": "20260726", "status": "completed", "timestamp": "2026-02-02T20:54:36.963666", "video_id": "vZbRNYLz3Tc", "video_url": "https://www.youtube.com/watch?v=vZbRNYLz3Tc", "latency": 20.32982301712036}
{"event": "upload", "episode": "20260727", "status": "started", "timestamp": "2026-02-02T20:54:42.546782", "video_file": "/Users/z/Downloads/Kat_Rec/channels/kat/output/20260727/20260727_youtube.mp4"}
{"event": "upload", "episode": "20260727", "status": "completed", "timestamp": "2026-02-02T20:55:13.974665", "video_id": "6tJVNk1c2Zg", "video_url": "https://www.youtube.com/watch?v=6tJVNk1c2Zg", "latency": 29.501899003982544}
{"event": "upload", "episode": "20260728", "status": "started", "timestamp": "2026-02-02T20:55:19.575917", "video_file": "/Users/z/Downloads/Kat_Rec/channels/kat/output/20260728/20260728_youtube.mp4"}
{"event": "upload", "episode": "20260728", "status": "completed", "timestamp": "2026-02-02T20:55:42.581272", "video_id": "x9_9ECynM_E", "video_url": "https://www.youtube.com/watch?v=x9_9ECynM_E", "latency": 21.096564054489136}
{"event": "upload", "episode": "20260729", "status": "started", "timestamp": "2026-02-02T20:55:48.129777", "video_file": "/Users/z/Downloads/Kat_Rec/channels/kat/output/20260729/20260729_youtube.mp4"}
{"event": "upload", "episode": "20260729", "status": "completed", "timestamp": "2026-02-02T20:56:12.006867", "video_id": "RiZOcSPAuT8", "video_url": "https://www.youtube.com/watch?v=RiZOcSPAuT8", "latency": 22.041136264801025}
{"event": "upload", "episode": "20260730", "status": "started", "timestamp": "2026-02-02T20:56:17.585668", "video_file": "/Users/z/Downloads/Kat_Rec/channels/kat/output/20260730/20260730_youtube.mp4"}
{"event": "upload", "episode": "20260730", "status": "completed", "timestamp": "2026-02-02T20:56:42.252196", "video_id": "hGBOefqyrcw", "video_url": "https://www.youtube.com/watch?v=hGBOefqyrcw", "latency": 22.922669887542725}
{"event": "upload", "episode": "20260731", "status": "started", "timestamp": "2026-02-02T20:56:47.853341", "video_file": "/Users/z/Downloads/Kat_Rec/channels/kat/output/20260731/20260731_youtube.mp4"}
{"event": "upload", "episode": "20260731", "status": "completed", "timestamp": "2026-02-02T20:57:16.898694", "video_id": "El6gT_O5IR0", "video_url": "https://www.youtube.com/watch?v=El6gT_O5IR0", "latency": 27.161988973617554}
{"event": "upload", "episode": "20260801", "status": "started", "timestamp": "2026-02-02T20:57:22.537012", "video_file": "/Users/z/Downloads/Kat_Rec/channels/kat/output/20260801/20260801_youtube.mp4"}
{"event": "upload", "episode": "20260801", "status": "completed", "timestamp": "2026-02-02T20:57:44.692732", "video_id": "K-Sbw1Zslw0", "video_url": "https://www.youtube.com/watch?v=K-Sbw1Zslw0", "latency": 20.29842209815979}
{"event": "upload", "episode": "20260802", "status": "started", "timestamp": "2026-02-02T20:57:50.317932", "video_file": "/Users/z/Downloads/Kat_Rec/channels/kat/output/20260802/20260802_youtube.mp4"}
{"event": "upload", "episode": "20260802", "status": "completed", "timestamp": "2026-02-02T20:58:14.883637", "video_id": "oKfk7Jt3udU", "video_url": "https://www.youtube.com/watch?v=oKfk7Jt3udU", "latency": 22.92601227760315}
{"event": "upload", "episode": "20260803", "status": "started", "timestamp": "2026-02-02T20:58:20.466254", "video_file": "/Users/z/Downloads/Kat_Rec/channels/kat/output/20260803/20260803_youtube.mp4"}
{"event": "upload", "episode": "20260803", "status": "completed", "timestamp": "2026-02-02T20:58:42.900014", "video_id": "p42FnseP6Yg", "video_url": "https://www.youtube.com/watch?v=p42FnseP6Yg", "latency": 20.65551996231079}
{"event": "upload", "episode": "20260804", "status": "started", "timestamp": "2026-02-02T20:58:48.445176", "video_file": "/Users/z/Downloads/Kat_Rec/channels/kat/output/20260804/20260804_youtube.mp4"}
{"event": "upload", "episode": "20260804", "status": "completed", "timestamp": "2026-02-02T20:59:10.014666", "video_id": "T1Yvlwn8WOA", "video_url": "https://www.youtube.com/watch?v=T1Yvlwn8WOA", "latency": 19.68825101852417}
{"event": "upload", "episode": "20260805", "status": "started", "timestamp": "2026-02-02T20:59:15.564425", "video_file": "/Users/z/Downloads/Kat_Rec/channels/kat/output/20260805/20260805_youtube.mp4"}
{"event": "upload", "episode": "20260805", "status": "completed", "timestamp": "2026-02-02T20:59:47.169719", "video_id": "yvcN1jSL9rQ", "video_url": "https://www.youtube.com/watch?v=yvcN1jSL9rQ", "latency": 29.83421301841736}
{"event": "upload", "episode": "20260806", "status": "started", "timestamp": "2026-02-02T20:59:52.778098", "video_file": "/Users/z/Downloads/Kat_Rec/channels/kat/output/20260806/20260806_youtube.mp4"}
{"event": "upload", "episode": "20260806", "status": "completed", "timestamp": "2026-02-02T21:00:15.024016", "video_id": "Dr2gy77z6Rs", "video_url": "https://www.youtube.com/watch?v=Dr2gy77z6Rs", "latency": 20.453598022460938}
{"event": "upload", "episode": "20260807", "status": "started", "timestamp": "2026-02-02T21:00:20.620266", "video_file": "/Users/z/Downloads/Kat_Rec/channels/kat/output/20260807/20260807_youtube.mp4"}
{"event": "upload", "episode": "20260807", "status": "completed", "timestamp": "2026-02-02T21:00:43.052656", "video_id": "8_0C3Po-DM4", "video_url": "https://www.youtube.com/watch?v=8_0C3Po-DM4", "latency": 20.610424041748047}
{"event": "upload", "episode": "20260808", "status": "started", "timestamp": "2026-02-02T21:00:48.655701", "video_file": "/Users/z/Downloads/Kat_Rec/channels/kat/output/20260808/20260808_youtube.mp4"}
{"event": "upload", "episode": "20260808", "status": "completed", "timestamp": "2026-02-02T21:01:09.703719", "video_id": "hhTHn-t0CBg", "video_url": "https://www.youtube.com/watch?v=hhTHn-t0CBg", "latency": 18.935774326324463}
{"event": "upload", "episode": "20260809", "status": "started", "timestamp": "2026-02-02T21:01:15.274598", "video_file": "/Users/z/Downloads/Kat_Rec/channels/kat/output/20260809/20260809_youtube.mp4"}
{"event": "upload", "episode": "20260721", "status": "started", "timestamp": "2026-02-02T21:01:47.277369", "video_file": "/Users/z/Downloads/Kat_Rec/channels/kat/output/20260721/20260721_youtube.mp4"}
{"event": "upload", "episode": "20260721", "status": "completed", "timestamp": "2026-02-02T21:02:11.326319", "video_id": "GOU1-B1TFLI", "video_url": "https://www.youtube.com/watch?v=GOU1-B1TFLI", "latency": 22.030925989151}
{"event": "upload", "episode": "20260722", "status": "started", "timestamp": "2026-02-02T21:02:16.817591", "video_file": "/Users/z/Downloads/Kat_Rec/channels/kat/output/20260722/20260722_youtube.mp4"}
{"event": "upload", "episode": "20260722", "status": "completed", "timestamp": "2026-02-02T21:02:39.711615", "video_id": "HakWzIoPMIo", "video_url": "https://www.youtube.com/watch?v=HakWzIoPMIo", "latency": 21.048418045043945}
{"event": "upload", "episode": "20260723", "status": "started", "timestamp": "2026-02-02T21:02:45.331441", "video_file": "/Users/z/Downloads/Kat_Rec/channels/kat/output/20260723/20260723_youtube.mp4"}
{"event": "upload", "episode": "20260723", "status": "completed", "timestamp": "2026-02-02T21:03:08.817717", "video_id": "1O0uBMqU7lc", "video_url": "https://www.youtube.com/watch?v=1O0uBMqU7lc", "latency": 21.568706035614014}
{"event": "upload", "episode": "20260724", "status": "started", "timestamp": "2026-02-02T21:03:14.383541", "video_file": "/Users/z/Downloads/Kat_Rec/channels/kat/output/20260724/20260724_youtube.mp4"}
{"event": "upload", "episode": "20260724", "status": "completed", "timestamp": "2026-02-02T21:03:36.428161", "video_id": "dF1WOpl9vMQ", "video_url": "https://www.youtube.com/watch?v=dF1WOpl9vMQ", "latency": 20.233776092529297}
{"event": "upload", "episode": "20260725", "status": "started", "timestamp": "2026-02-02T21:03:42.003860", "video_file": "/Users/z/Downloads/Kat_Rec/channels/kat/output/20260725/20260725_youtube.mp4"}
{"event": "upload", "episode": "20260725", "status": "error", "timestamp": "2026-02-02T21:03:42.741493", "error": "Upload failed: {\n  \"error\": {\n    \"code\": 400,\n    \"message\": \"The user has exceeded the number of videos they may upload.\",\n    \"errors\": [\n      {\n        \"message\": \"The user has exceeded the number of videos they may upload.\",\n        \"domain\": \"youtube.video\",\n        \"reason\": \"uploadLimitExceeded\"\n      }\n    ]\n  }\n}\n", "exception_type": "UploadError"}
{"event": "upload", "episode": "20260726", "status": "started", "timestamp": "2026-02-02T21:03:48.165642", "video_file": "/Users/z/Downloads/Kat_Rec/channels/kat/output/20260726/20260726_youtube.mp4"}
{"event": "upload", "episode": "20260726", "status": "error", "timestamp": "2026-02-02T21:03:48.947455", "error": "Upload failed: {\n  \"error\": {\n    \"code\": 400,\n    \"message\": \"The user has exceeded the number of videos they may upload.\",\n    \"errors\": [\n      {\n        \"message\": \"The user has exceeded the number of videos they may upload.\",\n        \"domain\": \"youtube.video\",\n        \"reason\": \"uploadLimitExceeded\"\n      }\n    ]\n  }\n}\n", "exception_type": "UploadError"}
{"event": "upload", "episode": "20260727", "status": "started", "timestamp": "2026-02-02T21:03:54.382161", "video_file": "/Users/z/Downloads/Kat_Rec/channels/kat/output/20260727/20260727_youtube.mp4"}
{"event": "upload", "episode": "20260727", "status": "error", "timestamp": "2026-02-02T21:03:55.079628", "error": "Upload failed: {\n  \"error\": {\n    \"code\": 400,\n    \"message\": \"The user has exceeded the number of videos they may upload.\",\n    \"errors\": [\n      {\n        \"message\": \"The user has exceeded the number of videos they may upload.\",\n        \"domain\": \"youtube.video\",\n        \"reason\": \"uploadLimitExceeded\"\n      }\n    ]\n  }\n}\n", "exception_type": "UploadError"}
{"event": "upload", "episode": "20260728", "status": "started", "timestamp": "2026-02-02T21:04:00.459873", "video_file": "/Users/z/Downloads/Kat_Rec/channels/kat/output/20260728/20260728_youtube.mp4"}
{"event": "upload", "episode": "20260728", "status": "error", "timestamp": "2026-02-02T21:04:01.135243", "error": "Upload failed: {\n  \"error\": {\n    \"code\": 400,\n    \"message\": \"The user has exceeded the number of videos they may upload.\",\n    \"errors\": [\n      {\n        \"message\": \"The user has exceeded the number of videos they may upload.\",\n        \"domain\": \"youtube.video\",\n        \"reason\": \"uploadLimitExceeded\"\n      }\n    ]\n  }\n}\n", "exception_type": "UploadError"}
{"event": "upload", "episode": "20260729", "status": "started", "timestamp": "2026-02-02T21:04:06.566698", "video_file": "/Users/z/Downloads/Kat_Rec/channels/kat/output/20260729/20260729_youtube.mp4"}
{"event": "upload", "episode": "20260729", "status": "error", "timestamp": "2026-02-02T21:04:07.308526", "error": "Upload failed: {\n  \"error\": {\n    \"code\": 400,\n    \"message\": \"The user has exceeded the number of videos they may upload.\",\n    \"errors\": [\n      {\n        \"message\": \"The user has exceeded the number of videos they may upload.\",\n        \"domain\": \"youtube.video\",\n        \"reason\": \"uploadLimitExceeded\"\n      }\n    ]\n  }\n}\n", "exception_type": "UploadError"}
{"event": "upload", "episode": "20260730", "status": "started", "timestamp": "2026-02-02T21:04:12.699972", "video_file": "/Users/z/Downloads/Kat_Rec/channels/kat/output/20260730/20260730_youtube.mp4"}
{"event": "upload", "episode": "20260730", "status": "error", "timestamp": "2026-02-02T21:04:13.421734", "error": "Upload failed: {\n  \"error\": {\n    \"code\": 400,\n    \"message\": \"The user has exceeded the number of videos they may upload.\",\n    \"errors\": [\n      {\n        \"message\": \"The user has exceeded the number of videos they may upload.\",\n        \"domain\": \"youtube.video\",\n        \"reason\": \"uploadLimitExceeded\"\n      }\n    ]\n  }\n}\n", "exception_type": "UploadError"}
{"event": "upload", "episode": "20260731", "status": "started", "timestamp": "2026-02-02T21:04:18.840839", "video_file": "/Users/z/Downloads/Kat_Rec/channels/kat/output/20260731/20260731_youtube.mp4"}
{"event": "upload", "episode": "20260731", "status": "error", "timestamp": "2026-02-02T21:04:19.657181", "error": "Upload failed: {\n  \"error\": {\n    \"code\": 400,\n    \"message\": \"The user has exceeded the number of videos they may upload.\",\n    \"errors\": [\n      {\n        \"message\": \"The user has exceeded the number of videos they may upload.\",\n        \"domain\": \"youtube.video\",\n        \"reason\": \"uploadLimitExceeded\"\n      }\n    ]\n  }\n}\n", "exception_type": "UploadError"}
{"event": "upload", "episode": "20260801", "status": "started", "timestamp": "2026-02-02T21:04:25.095061", "video_file": "/Users/z/Downloads/Kat_Rec/channels/kat/output/20260801/20260801_youtube.mp4"}
{"event": "upload", "episode": "20260801", "status": "error", "timestamp": "2026-02-02T21:04:25.914243", "error": "Upload failed: {\n  \"error\": {\n    \"code\": 400,\n    \"message\": \"The user has exceeded the number of videos they may upload.\",\n    \"errors\": [\n      {\n        \"message\": \"The user has exceeded the number of videos they may upload.\",\n        \"domain\": \"youtube.video\",\n        \"reason\": \"uploadLimitExceeded\"\n      }\n    ]\n  }\n}\n", "exception_type": "UploadError"}
{"event": "upload", "episode": "20260802", "status": "started", "timestamp": "2026-02-02T21:04:31.373654", "video_file": "/Users/z/Downloads/Kat_Rec/channels/kat/output/20260802/20260802_youtube.mp4"}
{"event": "upload", "episode": "20260802", "status": "error", "timestamp": "2026-02-02T21:04:32.088035", "error": "Upload failed: {\n  \"error\": {\n    \"code\": 400,\n    \"message\": \"The user has exceeded the number of videos they may upload.\",\n    \"errors\": [\n      {\n        \"message\": \"The user has exceeded the number of videos they may upload.\",\n        \"domain\": \"youtube.video\",\n        \"reason\": \"uploadLimitExceeded\"\n      }\n    ]\n  }\n}\n", "exception_type": "UploadError"}
{"event": "upload", "episode": "20260803", "status": "started", "timestamp": "2026-02-02T21:04:37.497666", "video_file": "/Users/z/Downloads/Kat_Rec/channels/kat/output/20260803/20260803_youtube.mp4"}
{"event": "upload", "episode": "20260803", "status": "error", "timestamp": "2026-02-02T21:04:38.266936", "error": "Upload failed: {\n  \"error\": {\n    \"code\": 400,\n    \"message\": \"The user has exceeded the number of videos they may upload.\",\n    \"errors\": [\n      {\n        \"message\": \"The user has exceeded the number of videos they may upload.\",\n        \"domain\": \"youtube.video\",\n        \"reason\": \"uploadLimitExceeded\"\n      }\n    ]\n  }\n}\n", "exception_type": "UploadError"}
{"event": "upload", "episode": "20260804", "status": "started", "timestamp": "2026-02-02T21:04:43.693963", "video_file": "/Users/z/Downloads/Kat_Rec/channels/kat/output/20260804/20260804_youtube.mp4"}
{"event": "upload", "episode": "20260804", "status": "error", "timestamp": "2026-02-02T21:04:44.441286", "error": "Upload failed: {\n  \"error\": {\n    \"code\": 400,\n    \"message\": \"The user has exceeded the number of videos they may upload.\",\n    \"errors\": [\n      {\n        \"message\": \"The user has exceeded the number of videos they may upload.\",\n        \"domain\": \"youtube.video\",\n        \"reason\": \"uploadLimitExceeded\"\n      }\n    ]\n  }\n}\n", "exception_type": "UploadError"}
{"event": "upload", "episode": "20260805", "status": "started", "timestamp": "2026-02-02T21:04:49.872829", "video_file": "/Users/z/Downloads/Kat_Rec/channels/kat/output/20260805/20260805_youtube.mp4"}
{"event": "upload", "episode": "20260805", "status": "error", "timestamp": "2026-02-02T21:04:51.018755", "error": "Upload failed: {\n  \"error\": {\n    \"code\": 400,\n    \"message\": \"The user has exceeded the number of videos they may upload.\",\n    \"errors\": [\n      {\n        \"message\": \"The user has exceeded the number of videos they may upload.\",\n        \"domain\": \"youtube.video\",\n        \"reason\": \"uploadLimitExceeded\"\n      }\n    ]\n  }\n}\n", "exception_type": "UploadError"}
{"event": "upload", "episode": "20260806", "status": "started", "timestamp": "2026-02-02T21:04:56.535211", "video_file": "/Users/z/Downloads/Kat_Rec/channels/kat/output/20260806/20260806_youtube.mp4"}
{"event": "upload", "episode": "20260806", "status": "error", "timestamp": "2026-02-02T21:04:57.623206", "error": "Upload failed: {\n  \"error\": {\n    \"code\": 400,\n    \"message\": \"The user has exceeded the number of videos they may upload.\",\n    \"errors\": [\n      {\n        \"message\": \"The user has exceeded the number of videos they may upload.\",\n        \"domain\": \"youtube.video\",\n        \"reason\": \"uploadLimitExceeded\"\n      }\n    ]\n  }\n}\n", "exception_type": "UploadError"}
{"event": "upload", "episode": "20260807", "status": "started", "timestamp": "2026-02-02T21:05:03.058549", "video_file": "/Users/z/Downloads/Kat_Rec/channels/kat/output/20260807/20260807_youtube.mp4"}
{"event": "upload", "episode": "20260807", "status": "error", "timestamp": "2026-02-02T21:05:03.787595", "error": "Upload failed: {\n  \"error\": {\n    \"code\": 400,\n    \"message\": \"The user has exceeded the number of videos they may upload.\",\n    \"errors\": [\n      {\n        \"message\": \"The user has exceeded the number of videos they may upload.\",\n        \"domain\": \"youtube.video\",\n        \"reason\": \"uploadLimitExceeded\"\n      }\n    ]\n  }\n}\n", "exception_type": "UploadError"}
{"event": "upload", "episode": "20260808", "status": "started", "timestamp": "2026-02-02T21:05:09.215458", "video_file": "/Users/z/Downloads/Kat_Rec/channels/kat/output/20260808/20260808_youtube.mp4"}
{"event": "upload", "episode": "20260808", "status": "error", "timestamp": "2026-02-02T21:05:09.998385", "error": "Upload failed: {\n  \"error\": {\n    \"code\": 400,\n    \"message\": \"The user has exceeded the number of videos they may upload.\",\n    \"errors\": [\n      {\n        \"message\": \"The user has exceeded the number of videos they may upload.\",\n        \"domain\": \"youtube.video\",\n        \"reason\": \"uploadLimitExceeded\"\n      }\n    ]\n  }\n}\n", "exception_type": "UploadError"}
{"event": "upload", "episode": "20260809", "status": "started", "timestamp": "2026-02-02T21:05:15.404062", "video_file": "/Users/z/Downloads/Kat_Rec/channels/kat/output/20260809/20260809_youtube.mp4"}
{"event": "upload", "episode": "20260809", "status": "error", "timestamp": "2026-02-02T21:05:16.155508", "error": "Upload failed: {\n  \"error\": {\n    \"code\": 400,\n    \"message\": \"The user has exceeded the number of videos they may upload.\",\n    \"errors\": [\n      {\n        \"message\": \"The user has exceeded the number of videos they may upload.\",\n        \"domain\": \"youtube.video\",\n        \"reason\": \"uploadLimitExceeded\"\n      }\n    ]\n  }\n}\n", "exception_type": "UploadError"}
{"event": "upload", "episode": "20260810", "status": "started", "timestamp": "2026-02-02T21:05:21.575395", "video_file": "/Users/z/Downloads/Kat_Rec/channels/kat/output/20260810/20260810_youtube.mp4"}
{"event": "upload", "episode": "20260810", "status": "error", "timestamp": "2026-02-02T21:05:22.277026", "error": "Upload failed: {\n  \"error\": {\n    \"code\": 400,\n    \"message\": \"The user has exceeded the number of videos they may upload.\",\n    \"errors\": [\n      {\n        \"message\": \"The user has exceeded the number of videos they may upload.\",\n        \"domain\": \"youtube.video\",\n        \"reason\": \"uploadLimitExceeded\"\n      }\n    ]\n  }\n}\n", "exception_type": "UploadError"}
{"event": "upload", "episode": "20260809", "status": "started", "timestamp": "2026-02-03T07:13:16.976763", "video_file": "/Users/z/Downloads/Kat_Rec/channels/kat/output/20260809/20260809_youtube.mp4"}
{"event": "upload", "episode": "20260809", "status": "error", "timestamp": "2026-02-03T07:13:18.108267", "error": "Upload failed: {\n  \"error\": {\n    \"code\": 400,\n    \"message\": \"The user has exceeded the number of videos they may upload.\",\n    \"errors\": [\n      {\n        \"message\": \"The user has exceeded the number of videos they may upload.\",\n        \"domain\": \"youtube.video\",\n        \"reason\": \"uploadLimitExceeded\"\n      }\n    ]\n  }\n}\n", "exception_type": "UploadError"}
{"event": "upload", "episode": "20260810", "status": "started", "timestamp": "2026-02-03T07:13:23.516600", "video_file": "/Users/z/Downloads/Kat_Rec/channels/kat/output/20260810/20260810_youtube.mp4"}
{"event": "upload", "episode": "20260810", "status": "error", "timestamp": "2026-02-03T07:13:24.227449", "error": "Upload failed: {\n  \"error\": {\n    \"code\": 400,\n    \"message\": \"The user has exceeded the number of videos they may upload.\",\n    \"errors\": [\n      {\n        \"message\": \"The user has exceeded the number of videos they may upload.\",\n        \"domain\": \"youtube.video\",\n        \"reason\": \"uploadLimitExceeded\"\n      }\n    ]\n  }\n}\n", "exception_type": "UploadError"}
{"event": "upload", "episode": "20260811", "status": "started", "timestamp": "2026-02-03T07:13:29.668056", "video_file": "/Users/z/Downloads/Kat_Rec/channels/kat/output/kat_20260811/kat_20260811_youtube.mp4"}
{"event": "upload", "episode": "20260811", "status": "error", "timestamp": "2026-02-03T07:13:30.441298", "error": "Upload failed: {\n  \"error\": {\n    \"code\": 400,\n    \"message\": \"The user has exceeded the number of videos they may upload.\",\n    \"errors\": [\n      {\n        \"message\": \"The user has exceeded the number of videos they may upload.\",\n        \"domain\": \"youtube.video\",\n        \"reason\": \"uploadLimitExceeded\"\n      }\n    ]\n  }\n}\n", "exception_type": "UploadError"}
{"event": "upload", "episode": "20260809", "status": "started", "timestamp": "2026-02-03T12:25:27.241524", "video_file": "/Users/z/Downloads/Kat_Rec/channels/kat/output/20260809/20260809_youtube.mp4"}
{"event": "upload", "episode": "20260809", "status": "completed", "timestamp": "2026-02-03T12:25:46.706772", "video_id": "ExEMJhvnZUE", "video_url": "https://www.youtube.com/watch?v=ExEMJhvnZUE", "latency": 16.643290996551514}
{"event": "upload", "episode": "20260810", "status": "started", "timestamp": "2026-02-03T12:25:52.391916", "video_file": "/Users/z/Downloads/Kat_Rec/channels/kat/output/20260810/20260810_youtube.mp4"}
{"event": "upload", "episode": "20260810", "status": "completed", "timestamp": "2026-02-03T12:26:10.771536", "video_id": "qI35KFjmAWU", "video_url": "https://www.youtube.com/watch?v=qI35KFjmAWU", "latency": 16.258814096450806}
{"event": "upload", "episode": "20260811", "status": "started", "timestamp": "2026-02-03T12:26:16.444307", "video_file": "/Users/z/Downloads/Kat_Rec/channels/kat/output/kat_20260811/kat_20260811_youtube.mp4"}
{"event": "upload", "episode": "20260811", "status": "error", "timestamp": "2026-02-03T12:26:17.108832", "error": "API quota exceeded. Please try again tomorrow.", "exception_type": "UploadError"}
{"event": "upload", "episode": "20260811", "status": "started", "timestamp": "2026-02-03T12:31:50.920023", "video_file": "/Users/z/Downloads/Kat_Rec/channels/kat/output/kat_20260811/kat_20260811_youtube.mp4"}
{"event": "upload", "episode": "20260811", "status": "error", "timestamp": "2026-02-03T12:31:51.302954", "error": "API quota exceeded. Please try again tomorrow.", "exception_type": "UploadError"}
{"event": "upload", "episode": "20260812", "status": "started", "timestamp": "2026-02-03T12:31:56.894588", "video_file": "/Users/z/Downloads/Kat_Rec/channels/kat/output/kat_20260812/kat_20260812_youtube.mp4"}
{"event": "upload", "episode": "20260812", "status": "error", "timestamp": "2026-02-03T12:31:57.419366", "error": "API quota exceeded. Please try again tomorrow.", "exception_type": "UploadError"}
{"event": "upload", "episode": "20260813", "status": "started", "timestamp": "2026-02-03T12:32:03.026535", "video_file": "/Users/z/Downloads/Kat_Rec/channels/kat/output/kat_20260813/kat_20260813_youtube.mp4"}
{"event": "upload", "episode": "20260813", "status": "error", "timestamp": "2026-02-03T12:32:03.470471", "error": "API quota exceeded. Please try again tomorrow.", "exception_type": "UploadError"}
{"event": "upload", "episode": "20260814", "status": "started", "timestamp": "2026-02-03T12:32:09.103878", "video_file": "/Users/z/Downloads/Kat_Rec/channels/kat/output/kat_20260814/kat_20260814_youtube.mp4"}
{"event": "upload", "episode": "20260814", "status": "error", "timestamp": "2026-02-03T12:32:09.491377", "error": "API quota exceeded. Please try again tomorrow.", "exception_type": "UploadError"}
{"event": "upload", "episode": "20260815", "status": "started", "timestamp": "2026-02-03T12:32:15.120628", "video_file": "/Users/z/Downloads/Kat_Rec/channels/kat/output/kat_20260815/kat_20260815_youtube.mp4"}
{"event": "upload", "episode": "20260815", "status": "error", "timestamp": "2026-02-03T12:32:15.965760", "error": "API quota exceeded. Please try again tomorrow.", "exception_type": "UploadError"}
{"event": "upload", "episode": "20260816", "status": "started", "timestamp": "2026-02-03T12:32:21.662700", "video_file": "/Users/z/Downloads/Kat_Rec/channels/kat/output/kat_20260816/kat_20260816_youtube.mp4"}
{"event": "upload", "episode": "20260816", "status": "error", "timestamp": "2026-02-03T12:32:22.004045", "error": "API quota exceeded. Please try again tomorrow.", "exception_type": "UploadError"}
{"event": "upload", "episode": "20260817", "status": "started", "timestamp": "2026-02-03T12:32:27.655064", "video_file": "/Users/z/Downloads/Kat_Rec/channels/kat/output/kat_20260817/kat_20260817_youtube.mp4"}
{"event": "upload", "episode": "20260817", "status": "error", "timestamp": "2026-02-03T12:32:28.203382", "error": "API quota exceeded. Please try again tomorrow.", "exception_type": "UploadError"}
{"event": "upload", "episode": "20260818", "status": "started", "timestamp": "2026-02-03T12:32:33.748390", "video_file": "/Users/z/Downloads/Kat_Rec/channels/kat/output/kat_20260818/kat_20260818_youtube.mp4"}
{"event": "upload", "episode": "20260818", "status": "error", "timestamp": "2026-02-03T12:32:34.097895", "error": "API quota exceeded. Please try again tomorrow.", "exception_type": "UploadError"}
{"event": "upload", "episode": "20260819", "status": "started", "timestamp": "2026-02-03T12:32:39.969194", "video_file": "/Users/z/Downloads/Kat_Rec/channels/kat/output/kat_20260819/kat_20260819_youtube.mp4"}
{"event": "upload", "episode": "20260819", "status": "error", "timestamp": "2026-02-03T12:32:40.463486", "error": "API quota exceeded. Please try again tomorrow.", "exception_type": "UploadError"}
{"event": "upload", "episode": "20260820", "status": "started", "timestamp": "2026-02-03T12:32:46.047012", "video_file": "/Users/z/Downloads/Kat_Rec/channels/kat/output/kat_20260820/kat_20260820_youtube.mp4"}
{"event": "upload", "episode": "20260820", "status": "error", "timestamp": "2026-02-03T12:32:46.462156", "error": "API quota exceeded. Please try again tomorrow.", "exception_type": "UploadError"}
{"event": "upload", "episode": "20260811", "status": "started", "timestamp": "2026-02-03T16:04:47.003875", "video_file": "/Users/z/Downloads/Kat_Rec/channels/kat/output/kat_20260811/kat_20260811_youtube.mp4"}
{"event": "upload", "episode": "20260811", "status": "completed", "timestamp": "2026-02-03T16:06:03.434839", "video_id": "Ez3Rmql1eEk", "video_url": "https://www.youtube.com/watch?v=Ez3Rmql1eEk", "latency": 73.07621884346008}
{"event": "upload", "episode": "20260812", "status": "started", "timestamp": "2026-02-03T16:06:09.058551", "video_file": "/Users/z/Downloads/Kat_Rec/channels/kat/output/kat_20260812/kat_20260812_youtube.mp4"}
{"event": "upload", "episode": "20260812", "status": "completed", "timestamp": "2026-02-03T16:06:55.975497", "video_id": "V-1cvIrOeP4", "video_url": "https://www.youtube.com/watch?v=V-1cvIrOeP4", "latency": 45.03598999977112}
{"event": "upload", "episode": "20260813", "status": "started", "timestamp": "2026-02-03T16:07:01.597465", "video_file": "/Users/z/Downloads/Kat_Rec/channels/kat/output/kat_20260813/kat_20260813_youtube.mp4"}
{"event": "upload", "episode": "20260813", "status": "completed", "timestamp": "2026-02-03T16:08:39.585450", "video_id": "qmCxrAJVnk8", "video_url": "https://www.youtube.com/watch?v=qmCxrAJVnk8", "latency": 91.96099996566772}
{"event": "upload", "episode": "20260814", "status": "started", "timestamp": "2026-02-03T16:08:45.238171", "video_file": "/Users/z/Downloads/Kat_Rec/channels/kat/output/kat_20260814/kat_20260814_youtube.mp4"}
{"event": "upload", "episode": "20260814", "status": "completed", "timestamp": "2026-02-03T16:09:42.498925", "video_id": "1KtY-5jIIU0", "video_url": "https://www.youtube.com/watch?v=1KtY-5jIIU0", "latency": 54.91349196434021}
{"event": "upload", "episode": "20260815", "status": "started", "timestamp": "2026-02-03T16:09:48.239318", "video_file": "/Users/z/Downloads/Kat_Rec/channels/kat/output/kat_20260815/kat_20260815_youtube.mp4"}
{"event": "upload", "episode": "20260815", "status": "completed", "timestamp": "2026-02-03T16:10:42.878917", "video_id": "V-kTH6rdPpw", "video_url": "https://www.youtube.com/watch?v=V-kTH6rdPpw", "latency": 48.28643298149109}
{"event": "upload", "episode": "20260816", "status": "started", "timestamp": "2026-02-03T16:10:48.580769", "video_file": "/Users/z/Downloads/Kat_Rec/channels/kat/output/kat_20260816/kat_20260816_youtube.mp4"}
{"event": "upload", "episode": "20260816", "status": "completed", "timestamp": "2026-02-03T16:11:34.834433", "video_id": "pD_2KmwEyKE", "video_url": "https://www.youtube.com/watch?v=pD_2KmwEyKE", "latency": 44.16722512245178}
{"event": "upload", "episode": "20260817", "status": "started", "timestamp": "2026-02-03T16:11:40.464831", "video_file": "/Users/z/Downloads/Kat_Rec/channels/kat/output/kat_20260817/kat_20260817_youtube.mp4"}
{"event": "upload", "episode": "20260817", "status": "completed", "timestamp": "2026-02-03T16:12:27.171208", "video_id": "ibmC_D3qhR0", "video_url": "https://www.youtube.com/watch?v=ibmC_D3qhR0", "latency": 44.73156189918518}
{"event": "upload", "episode": "20260818", "status": "started", "timestamp": "2026-02-03T16:12:32.781193", "video_file": "/Users/z/Downloads/Kat_Rec/channels/kat/output/kat_20260818/kat_20260818_youtube.mp4"}
{"event": "upload", "episode": "20260818", "status": "completed", "timestamp": "2026-02-03T16:13:48.149886", "video_id": "_jNS49FM9DE", "video_url": "https://www.youtube.com/watch?v=_jNS49FM9DE", "latency": 73.43426203727722}
{"event": "upload", "episode": "20260819", "status": "started", "timestamp": "2026-02-03T16:13:53.758565", "video_file": "/Users/z/Downloads/Kat_Rec/channels/kat/output/kat_20260819/kat_20260819_youtube.mp4"}
{"event": "upload", "episode": "20260819", "status": "started", "timestamp": "2026-02-03T16:14:56.774835", "video_file": "/Users/z/Downloads/Kat_Rec/channels/kat/output/kat_20260819/kat_20260819_youtube.mp4"}
{"event": "upload", "episode": "20260819", "status": "completed", "timestamp": "2026-02-03T16:16:04.501178", "video_id": "uGIFk0LAYDo", "video_url": "https://www.youtube.com/watch?v=uGIFk0LAYDo", "latency": 65.15683889389038}
{"event": "upload", "episode": "20260820", "status": "started", "timestamp": "2026-02-03T16:16:10.124885", "video_file": "/Users/z/Downloads/Kat_Rec/channels/kat/output/kat_20260820/kat_20260820_youtube.mp4"}
{"event": "upload", "episode": "20260820", "status": "completed", "timestamp": "2026-02-03T16:17:20.008777", "video_id": "4x3yZb74o9Q", "video_url": "https://www.youtube.com/watch?v=4x3yZb74o9Q", "latency": 67.91142678260803}
{"event": "upload", "episode": "20260821", "status": "started", "timestamp": "2026-02-03T16:19:48.893927", "video_file": "/Users/z/Downloads/Kat_Rec/channels/kat/output/kat_20260821/kat_20260821_youtube.mp4"}
{"event": "upload", "episode": "20260821", "status": "started", "timestamp": "2026-02-03T16:20:07.571327", "video_file": "/Users/z/Downloads/Kat_Rec/channels/kat/output/kat_20260821/kat_20260821_youtube.mp4"}
{"event": "upload", "episode": "20260821", "status": "completed", "timestamp": "2026-02-03T16:20:44.069797", "video_id": "nI0RTFxJBno", "video_url": "https://www.youtube.com/watch?v=nI0RTFxJBno", "latency": 34.541122913360596}
{"event": "upload", "episode": "20260822", "status": "started", "timestamp": "2026-02-03T16:20:49.754961", "video_file": "/Users/z/Downloads/Kat_Rec/channels/kat/output/kat_20260822/kat_20260822_youtube.mp4"}
{"event": "upload", "episode": "20260822", "status": "completed", "timestamp": "2026-02-03T16:21:31.070723", "video_id": "7lsZKEL8Uxo", "video_url": "https://www.youtube.com/watch?v=7lsZKEL8Uxo", "latency": 39.04792094230652}
{"event": "upload", "episode": "20260823", "status": "started", "timestamp": "2026-02-03T16:21:36.717010", "video_file": "/Users/z/Downloads/Kat_Rec/channels/kat/output/kat_20260823/kat_20260823_youtube.mp4"}
{"event": "upload", "episode": "20260823", "status": "completed", "timestamp": "2026-02-03T16:22:12.535642", "video_id": "2M8S6vU3Uso", "video_url": "https://www.youtube.com/watch?v=2M8S6vU3Uso", "latency": 33.609803915023804}
{"event": "upload", "episode": "20260824", "status": "started", "timestamp": "2026-02-03T16:22:18.241177", "video_file": "/Users/z/Downloads/Kat_Rec/channels/kat/output/kat_20260824/kat_20260824_youtube.mp4"}
{"event": "upload", "episode": "20260824", "status": "completed", "timestamp": "2026-02-03T16:22:53.388308", "video_id": "QTasjouEjCY", "video_url": "https://www.youtube.com/watch?v=QTasjouEjCY", "latency": 32.67340588569641}
{"event": "upload", "episode": "20260825", "status": "started", "timestamp": "2026-02-03T16:22:58.957839", "video_file": "/Users/z/Downloads/Kat_Rec/channels/kat/output/kat_20260825/kat_20260825_youtube.mp4"}
{"event": "upload", "episode": "20260825", "status": "completed", "timestamp": "2026-02-03T16:23:39.420526", "video_id": "mkyMMCx_XRE", "video_url": "https://www.youtube.com/watch?v=mkyMMCx_XRE", "latency": 38.541309118270874}
{"event": "upload", "episode": "20260826", "status": "started", "timestamp": "2026-02-03T16:23:45.041747", "video_file": "/Users/z/Downloads/Kat_Rec/channels/kat/output/kat_20260826/kat_20260826_youtube.mp4"}
{"event": "upload", "episode": "20260826", "status": "completed", "timestamp": "2026-02-03T16:24:22.617291", "video_id": "BPWE4xZJRF8", "video_url": "https://www.youtube.com/watch?v=BPWE4xZJRF8", "latency": 35.590147972106934}
{"event": "upload", "episode": "20260827", "status": "started", "timestamp": "2026-02-03T16:24:28.351123", "video_file": "/Users/z/Downloads/Kat_Rec/channels/kat/output/kat_20260827/kat_20260827_youtube.mp4"}
{"event": "upload", "episode": "20260827", "status": "completed", "timestamp": "2026-02-03T16:25:00.280068", "video_id": "pRD7AEDJNag", "video_url": "https://www.youtube.com/watch?v=pRD7AEDJNag", "latency": 30.12652611732483}
{"event": "upload", "episode": "20260828", "status": "started", "timestamp": "2026-02-03T16:25:05.984188", "video_file": "/Users/z/Downloads/Kat_Rec/channels/kat/output/kat_20260828/kat_20260828_youtube.mp4"}
{"event": "upload", "episode": "20260828", "status": "completed", "timestamp": "2026-02-03T16:25:42.301783", "video_id": "SsXRh3iX2Ms", "video_url": "https://www.youtube.com/watch?v=SsXRh3iX2Ms", "latency": 34.12114715576172}
{"event": "upload", "episode": "20260829", "status": "started", "timestamp": "2026-02-03T16:25:47.846959", "video_file": "/Users/z/Downloads/Kat_Rec/channels/kat/output/kat_20260829/kat_20260829_youtube.mp4"}
{"event": "upload", "episode": "20260829", "status": "completed", "timestamp": "2026-02-03T16:26:29.901723", "video_id": "opZm0LHAhXc", "video_url": "https://www.youtube.com/watch?v=opZm0LHAhXc", "latency": 40.153366804122925}
{"event": "upload", "episode": "20260830", "status": "started", "timestamp": "2026-02-03T16:26:35.490454", "video_file": "/Users/z/Downloads/Kat_Rec/channels/kat/output/kat_20260830/kat_20260830_youtube.mp4"}
{"event": "upload", "episode": "20260830", "status": "completed", "timestamp": "2026-02-03T16:27:10.676420", "video_id": "eyHEmcDwIM4", "video_url": "https://www.youtube.com/watch?v=eyHEmcDwIM4", "latency": 33.2778480052948}
{"event": "upload", "episode": "20260831", "status": "started", "timestamp": "2026-02-03T16:27:16.324676", "video_file": "/Users/z/Downloads/Kat_Rec/channels/kat/output/kat_20260831/kat_20260831_youtube.mp4"}
{"event": "upload", "episode": "20260831", "status": "completed", "timestamp": "2026-02-03T16:27:55.442061", "video_id": "edecTcDLkow", "video_url": "https://www.youtube.com/watch?v=edecTcDLkow", "latency": 37.24947786331177}
{"event": "upload", "episode": "kat_20260821", "status": "started", "timestamp": "2026-02-03T20:45:22.833254", "video_file": "/Users/z/Downloads/Kat_Rec/channels/kat/output/kat_20260821/kat_20260821_youtube.mp4"}
{"event": "upload", "episode": "kat_20260821", "status": "completed", "timestamp": "2026-02-03T20:45:41.977503", "video_id": "IFpzlPBx1Fc", "video_url": "https://www.youtube.com/watch?v=IFpzlPBx1Fc", "latency": 16.533305883407593}
